<?xml version="1.0" encoding="UTF-8"?>
<!-- Generated by org.testng.reporters.JUnitReportReporter -->
<testsuite skipped="0" hostname="DESKTOP-QAMIQP5" name="UsingAnotation.DependenciesPg" tests="3" failures="0" timestamp="13 Feb 2020 09:03:43 GMT" time="0.038" errors="0">
  <testcase name="m3" time="0.000" classname="UsingAnotation.DependenciesPg"/>
  <testcase name="m2" time="0.038" classname="UsingAnotation.DependenciesPg"/>
  <testcase name="m1" time="0.000" classname="UsingAnotation.DependenciesPg"/>
</testsuite> <!-- UsingAnotation.DependenciesPg -->
