<?xml version="1.0" encoding="UTF-8"?>
<!-- Generated by org.testng.reporters.JUnitReportReporter -->
<testsuite skipped="0" hostname="DESKTOP-QAMIQP5" name="AssertionProgram.HardAssert" tests="1" failures="0" timestamp="13 Feb 2020 08:22:12 GMT" time="0.045" errors="0">
  <testcase name="tc_01" time="0.045" classname="AssertionProgram.HardAssert"/>
</testsuite> <!-- AssertionProgram.HardAssert -->
