<?xml version="1.0" encoding="UTF-8"?>
<!-- Generated by org.testng.reporters.JUnitReportReporter -->
<testsuite skipped="0" hostname="DESKTOP-QAMIQP5" name="AssertionProgram.HardAssertion" tests="1" failures="0" timestamp="13 Feb 2020 08:24:12 GMT" time="7.014" errors="0">
  <testcase name="tc_01" time="7.014" classname="AssertionProgram.HardAssertion"/>
</testsuite> <!-- AssertionProgram.HardAssertion -->
