<?xml version="1.0" encoding="UTF-8"?>
<!-- Generated by org.testng.reporters.JUnitReportReporter -->
<testsuite skipped="1" hostname="DESKTOP-QAMIQP5" name="UsingAnotation.EnablePg" tests="3" failures="0" timestamp="13 Feb 2020 09:08:01 GMT" time="0.016" errors="0">
  <testcase name="m2" time="0.016" classname="UsingAnotation.EnablePg"/>
  <testcase name="m3" time="0.000" classname="UsingAnotation.EnablePg"/>
  <testcase name="m1" classname="UsingAnotation.EnablePg">
    <skipped/>
  </testcase> <!-- m1 -->
</testsuite> <!-- UsingAnotation.EnablePg -->
