<?xml version="1.0" encoding="UTF-8"?>
<!-- Generated by org.testng.reporters.JUnitReportReporter -->
<testsuite skipped="0" hostname="DESKTOP-QAMIQP5" name="UsingAnotation.LoginTestCase" tests="1" failures="0" timestamp="13 Feb 2020 09:20:28 GMT" time="0.039" errors="0">
  <testcase name="m1" time="0.039" classname="UsingAnotation.LoginTestCase"/>
</testsuite> <!-- UsingAnotation.LoginTestCase -->
