<?xml version="1.0" encoding="UTF-8"?>
<!-- Generated by org.testng.reporters.JUnitReportReporter -->
<testsuite skipped="0" hostname="DESKTOP-QAMIQP5" name="UsingAnotation.PriorityPg" tests="3" failures="0" timestamp="13 Feb 2020 09:23:13 GMT" time="0.038" errors="0">
  <testcase name="m2" time="0.038" classname="UsingAnotation.PriorityPg"/>
  <testcase name="m3" time="0.000" classname="UsingAnotation.PriorityPg"/>
  <testcase name="m1" time="0.000" classname="UsingAnotation.PriorityPg"/>
</testsuite> <!-- UsingAnotation.PriorityPg -->
