<?xml version="1.0" encoding="UTF-8"?>
<!-- Generated by org.testng.reporters.JUnitReportReporter -->
<testsuite skipped="0" hostname="DESKTOP-QAMIQP5" name="UsingAnotation.InvocationPg" tests="2" failures="0" timestamp="13 Feb 2020 09:13:32 GMT" time="0.046" errors="0">
  <testcase name="m2" time="0.031" classname="UsingAnotation.InvocationPg"/>
  <testcase name="m2" time="0.015" classname="UsingAnotation.InvocationPg"/>
</testsuite> <!-- UsingAnotation.InvocationPg -->
