<?xml version="1.0" encoding="UTF-8"?>
<!-- Generated by org.testng.reporters.JUnitReportReporter -->
<testsuite skipped="0" hostname="DESKTOP-QAMIQP5" name="TestNGDemo.Class1" tests="1" failures="0" timestamp="17 Jan 2020 09:09:18 GMT" time="0.043" errors="0">
  <testcase name="windowHandleOfclass1" time="0.043" classname="TestNGDemo.Class1"/>
</testsuite> <!-- TestNGDemo.Class1 -->
