<?xml version="1.0" encoding="UTF-8"?>
<!-- Generated by org.testng.reporters.JUnitReportReporter -->
<testsuite skipped="0" hostname="DESKTOP-QAMIQP5" name="DependsOnGroup.ClassC" tests="6" failures="0" timestamp="13 Feb 2020 08:55:20 GMT" time="0.057" errors="0">
  <testcase name="m3" time="0.031" classname="DependsOnGroup.ClassC"/>
  <testcase name="m2" time="0.004" classname="DependsOnGroup.ClassC"/>
  <testcase name="m1" time="0.008" classname="DependsOnGroup.ClassC"/>
  <testcase name="m6" time="0.004" classname="DependsOnGroup.ClassC"/>
  <testcase name="m5" time="0.005" classname="DependsOnGroup.ClassC"/>
  <testcase name="m4" time="0.005" classname="DependsOnGroup.ClassC"/>
</testsuite> <!-- DependsOnGroup.ClassC -->
