<?xml version="1.0" encoding="UTF-8"?>
<!-- Generated by org.testng.reporters.JUnitReportReporter -->
<testsuite skipped="0" hostname="DESKTOP-QAMIQP5" name="DependsOnGroup.ClassB" tests="6" failures="0" timestamp="13 Feb 2020 08:55:32 GMT" time="0.023" errors="0">
  <testcase name="m5" time="0.004" classname="DependsOnGroup.ClassB"/>
  <testcase name="m2" time="0.003" classname="DependsOnGroup.ClassB"/>
  <testcase name="m6" time="0.004" classname="DependsOnGroup.ClassB"/>
  <testcase name="m4" time="0.004" classname="DependsOnGroup.ClassB"/>
  <testcase name="m3" time="0.004" classname="DependsOnGroup.ClassB"/>
  <testcase name="m1" time="0.004" classname="DependsOnGroup.ClassB"/>
</testsuite> <!-- DependsOnGroup.ClassB -->
