<?xml version="1.0" encoding="UTF-8"?>
<!-- Generated by org.testng.reporters.JUnitReportReporter -->
<testsuite skipped="0" hostname="DESKTOP-QAMIQP5" name="UsingAnotation.InvocationTimeOut" tests="3" failures="0" timestamp="13 Feb 2020 09:19:50 GMT" time="9.098" errors="2">
  <testcase name="m2" time="4.010" classname="UsingAnotation.InvocationTimeOut">
    <error type="org.testng.internal.thread.ThreadTimeoutException" message="Method UsingAnotation.InvocationTimeOut.m2() didn&#039;t finish within the time-out 4000">
      <![CDATA[org.testng.internal.thread.ThreadTimeoutException: Method UsingAnotation.InvocationTimeOut.m2() didn't finish within the time-out 4000
at sun.reflect.NativeMethodAccessorImpl.invoke0(Native Method)
at sun.reflect.NativeMethodAccessorImpl.invoke(Unknown Source)
at sun.reflect.DelegatingMethodAccessorImpl.invoke(Unknown Source)
at java.lang.reflect.Method.invoke(Unknown Source)
at org.testng.internal.MethodInvocationHelper.invokeMethod(MethodInvocationHelper.java:124)
at org.testng.internal.InvokeMethodRunnable.runOne(InvokeMethodRunnable.java:54)
at org.testng.internal.InvokeMethodRunnable.run(InvokeMethodRunnable.java:40)
at java.util.concurrent.Executors$RunnableAdapter.call(Unknown Source)
at java.util.concurrent.FutureTask.run(Unknown Source)
at java.util.concurrent.ThreadPoolExecutor.runWorker(Unknown Source)
at java.util.concurrent.ThreadPoolExecutor$Worker.run(Unknown Source)
at java.lang.Thread.run(Unknown Source)
]]>
    </error>
  </testcase> <!-- m2 -->
  <testcase name="m1" time="5.053" classname="UsingAnotation.InvocationTimeOut">
    <error type="org.testng.internal.thread.ThreadTimeoutException" message="Method UsingAnotation.InvocationTimeOut.m1() didn&#039;t finish within the time-out 5000">
      <![CDATA[org.testng.internal.thread.ThreadTimeoutException: Method UsingAnotation.InvocationTimeOut.m1() didn't finish within the time-out 5000
]]>
    </error>
  </testcase> <!-- m1 -->
  <testcase name="m3" time="0.035" classname="UsingAnotation.InvocationTimeOut"/>
</testsuite> <!-- UsingAnotation.InvocationTimeOut -->
